<?xml version="1.0" encoding="UTF-8"?>
<!-- Generated by org.testng.reporters.JUnitReportReporter -->
<testsuite hostname="LTIN454439" failures="0" tests="7" name="com.displayBookshelves.testRunner.testNGRunner" time="315.238" errors="0" timestamp="2024-02-28T15:55:02 IST" skipped="0">
  <testcase classname="com.displayBookshelves.testRunner.testNGRunner" name="runScenario" time="60.292"/>
  <testcase classname="com.displayBookshelves.testRunner.testNGRunner" name="runScenario" time="17.202"/>
  <testcase classname="com.displayBookshelves.testRunner.testNGRunner" name="runScenario" time="9.471"/>
  <testcase classname="com.displayBookshelves.testRunner.testNGRunner" name="runScenario" time="38.772"/>
  <testcase classname="com.displayBookshelves.testRunner.testNGRunner" name="runScenario" time="81.366"/>
  <testcase classname="com.displayBookshelves.testRunner.testNGRunner" name="runScenario" time="29.661"/>
  <testcase classname="com.displayBookshelves.testRunner.testNGRunner" name="runScenario" time="78.474"/>
</testsuite> <!-- com.displayBookshelves.testRunner.testNGRunner -->
