<?xml version="1.0" encoding="UTF-8"?>
<!-- Generated by org.testng.reporters.JUnitReportReporter -->
<testsuite hostname="LTIN454439" failures="0" tests="14" name="com.urbanLadder.testRunner.testNGRunner" time="290.471" errors="0" timestamp="2024-02-29T14:58:01 IST" skipped="0">
  <testcase classname="com.urbanLadder.testRunner.testNGRunner" name="runScenario" time="17.956"/>
  <testcase classname="com.urbanLadder.testRunner.testNGRunner" name="runScenario" time="34.564"/>
  <testcase classname="com.urbanLadder.testRunner.testNGRunner" name="runScenario" time="16.456"/>
  <testcase classname="com.urbanLadder.testRunner.testNGRunner" name="runScenario" time="11.258"/>
  <testcase classname="com.urbanLadder.testRunner.testNGRunner" name="runScenario" time="18.452"/>
  <testcase classname="com.urbanLadder.testRunner.testNGRunner" name="runScenario" time="10.456"/>
  <testcase classname="com.urbanLadder.testRunner.testNGRunner" name="runScenario" time="25.054"/>
  <testcase classname="com.urbanLadder.testRunner.testNGRunner" name="runScenario" time="14.502"/>
  <testcase classname="com.urbanLadder.testRunner.testNGRunner" name="runScenario" time="20.748"/>
  <testcase classname="com.urbanLadder.testRunner.testNGRunner" name="runScenario" time="42.682"/>
  <testcase classname="com.urbanLadder.testRunner.testNGRunner" name="runScenario" time="15.218"/>
  <testcase classname="com.urbanLadder.testRunner.testNGRunner" name="runScenario" time="16.196"/>
  <testcase classname="com.urbanLadder.testRunner.testNGRunner" name="runScenario" time="22.513"/>
  <testcase classname="com.urbanLadder.testRunner.testNGRunner" name="runScenario" time="24.416"/>
</testsuite> <!-- com.urbanLadder.testRunner.testNGRunner -->
